This file contains any messages produced by compilers while
running configure, to aid debugging if configure makes a mistake.

It was created by memcached configure 1.4.33, which was
generated by GNU Autoconf 2.69.  Invocation command line was

  $ ./configure --prefix=/home/gz/workspace/bespin/target/x86_64-bespin-none/release/build/rkapps-05fc8114dc22c83e/out/retocached/build/dist --host=x86_64-rumprun-netbsd --with-libevent=/home/gz/workspace/bespin/target/x86_64-bespin-none/release/build/rkapps-05fc8114dc22c83e/out/retocached/../../pkgs

## --------- ##
## Platform. ##
## --------- ##

hostname = gz-desktop
uname -m = x86_64
uname -r = 5.3.0-51-generic
uname -s = Linux
uname -v = #44~18.04.2-Ubuntu SMP Thu Apr 23 14:27:18 UTC 2020

/usr/bin/uname -p = unknown
/bin/uname -X     = unknown

/bin/arch              = unknown
/usr/bin/arch -k       = unknown
/usr/convex/getsysinfo = unknown
/usr/bin/hostinfo      = unknown
/bin/machine           = unknown
/usr/bin/oslevel       = unknown
/bin/universe          = unknown

PATH: /home/gz/workspace/bespin/target/x86_64-bespin-none/release/build/rumpkernel-b6392f675947fae3/out/rumprun/bin
PATH: /home/gz/.cargo/bin
PATH: /usr/local/sbin
PATH: /usr/local/bin
PATH: /usr/sbin
PATH: /usr/bin
PATH: /sbin
PATH: /bin
PATH: /usr/games
PATH: /usr/local/games


## ----------- ##
## Core tests. ##
## ----------- ##

configure:2338: checking build system type
configure:2352: result: x86_64-pc-linux-gnu
configure:2372: checking host system type
configure:2385: result: x86_64-rumprun-netbsd
configure:2422: checking for a BSD-compatible install
configure:2490: result: /usr/bin/install -c
configure:2501: checking whether build environment is sane
configure:2556: result: yes
configure:2615: checking for x86_64-rumprun-netbsd-strip
configure:2631: found /home/gz/workspace/bespin/target/x86_64-bespin-none/release/build/rumpkernel-b6392f675947fae3/out/rumprun/bin/x86_64-rumprun-netbsd-strip
configure:2642: result: x86_64-rumprun-netbsd-strip
configure:2707: checking for a thread-safe mkdir -p
configure:2746: result: /bin/mkdir -p
configure:2753: checking for gawk
configure:2783: result: no
configure:2753: checking for mawk
configure:2769: found /usr/bin/mawk
configure:2780: result: mawk
configure:2791: checking whether make sets $(MAKE)
configure:2813: result: yes
configure:2842: checking whether make supports nested variables
configure:2859: result: yes
configure:2995: checking for x86_64-rumprun-netbsd-gcc
configure:3022: result: x86_64-rumprun-netbsd-gcc -fopenmp
configure:3291: checking for C compiler version
configure:3300: x86_64-rumprun-netbsd-gcc -fopenmp --version >&5
cc (Ubuntu 7.5.0-3ubuntu1~18.04) 7.5.0
Copyright (C) 2017 Free Software Foundation, Inc.
This is free software; see the source for copying conditions.  There is NO
warranty; not even for MERCHANTABILITY or FITNESS FOR A PARTICULAR PURPOSE.

configure:3311: $? = 0
configure:3300: x86_64-rumprun-netbsd-gcc -fopenmp -v >&5
Using built-in specs.
Reading specs from /home/gz/workspace/bespin/target/x86_64-bespin-none/release/build/rumpkernel-b6392f675947fae3/out/./rumprun/rumprun-x86_64/lib/specs-compile_or_ferment
rename spec cpp_options to old_cpp_options
rename spec cc1_options to old_cc1_options
rename spec link_libgcc to old_link_libgcc
rename spec libgcc to old_libgcc
COLLECT_GCC=/usr/bin/cc
COLLECT_LTO_WRAPPER=/usr/lib/gcc/x86_64-linux-gnu/7/lto-wrapper
OFFLOAD_TARGET_NAMES=nvptx-none
OFFLOAD_TARGET_DEFAULT=1
... rest of stderr output deleted ...
configure:3311: $? = 1
configure:3300: x86_64-rumprun-netbsd-gcc -fopenmp -V >&5
cc: error: unrecognized command line option '-V'
configure:3311: $? = 1
configure:3300: x86_64-rumprun-netbsd-gcc -fopenmp -qversion >&5
cc: error: unrecognized command line option '-qversion'; did you mean '--version'?
configure:3311: $? = 1
configure:3331: checking whether the C compiler works
configure:3353: x86_64-rumprun-netbsd-gcc -fopenmp   -I/home/gz/workspace/bespin/target/x86_64-bespin-none/release/build/rkapps-05fc8114dc22c83e/out/pkgs/include  -L/home/gz/workspace/bespin/target/x86_64-bespin-none/release/build/rkapps-05fc8114dc22c83e/out/pkgs/lib conftest.c -lc -lgomp >&5
configure:3357: $? = 0
configure:3405: result: yes
configure:3408: checking for C compiler default output file name
configure:3410: result: a.out
configure:3416: checking for suffix of executables
configure:3423: x86_64-rumprun-netbsd-gcc -fopenmp -o conftest   -I/home/gz/workspace/bespin/target/x86_64-bespin-none/release/build/rkapps-05fc8114dc22c83e/out/pkgs/include  -L/home/gz/workspace/bespin/target/x86_64-bespin-none/release/build/rkapps-05fc8114dc22c83e/out/pkgs/lib conftest.c -lc -lgomp >&5
configure:3427: $? = 0
configure:3449: result: 
configure:3471: checking whether we are cross compiling
configure:3479: x86_64-rumprun-netbsd-gcc -fopenmp -o conftest   -I/home/gz/workspace/bespin/target/x86_64-bespin-none/release/build/rkapps-05fc8114dc22c83e/out/pkgs/include  -L/home/gz/workspace/bespin/target/x86_64-bespin-none/release/build/rkapps-05fc8114dc22c83e/out/pkgs/lib conftest.c -lc -lgomp >&5
configure:3483: $? = 0
configure:3490: ./conftest
./configure: line 3492: ./conftest: cannot execute binary file: Exec format error
configure:3494: $? = 126
configure:3509: result: yes
configure:3514: checking for suffix of object files
configure:3536: x86_64-rumprun-netbsd-gcc -fopenmp -c   -I/home/gz/workspace/bespin/target/x86_64-bespin-none/release/build/rkapps-05fc8114dc22c83e/out/pkgs/include conftest.c >&5
configure:3540: $? = 0
configure:3561: result: o
configure:3565: checking whether we are using the GNU C compiler
configure:3584: x86_64-rumprun-netbsd-gcc -fopenmp -c   -I/home/gz/workspace/bespin/target/x86_64-bespin-none/release/build/rkapps-05fc8114dc22c83e/out/pkgs/include conftest.c >&5
configure:3584: $? = 0
configure:3593: result: yes
configure:3602: checking whether x86_64-rumprun-netbsd-gcc -fopenmp accepts -g
configure:3622: x86_64-rumprun-netbsd-gcc -fopenmp -c -g  -I/home/gz/workspace/bespin/target/x86_64-bespin-none/release/build/rkapps-05fc8114dc22c83e/out/pkgs/include conftest.c >&5
configure:3622: $? = 0
configure:3663: result: yes
configure:3680: checking for x86_64-rumprun-netbsd-gcc -fopenmp option to accept ISO C89
configure:3743: x86_64-rumprun-netbsd-gcc -fopenmp  -c -g -O2  -I/home/gz/workspace/bespin/target/x86_64-bespin-none/release/build/rkapps-05fc8114dc22c83e/out/pkgs/include conftest.c >&5
configure:3743: $? = 0
configure:3756: result: none needed
configure:3781: checking whether x86_64-rumprun-netbsd-gcc -fopenmp understands -c and -o together
configure:3803: x86_64-rumprun-netbsd-gcc -fopenmp -c conftest.c -o conftest2.o
configure:3806: $? = 0
configure:3803: x86_64-rumprun-netbsd-gcc -fopenmp -c conftest.c -o conftest2.o
configure:3806: $? = 0
configure:3818: result: yes
configure:3846: checking for style of include used by make
configure:3874: result: GNU
configure:3900: checking dependency style of x86_64-rumprun-netbsd-gcc -fopenmp
configure:4011: result: gcc3
configure:4035: checking how to run the C preprocessor
configure:4066: x86_64-rumprun-netbsd-gcc -fopenmp -E  -I/home/gz/workspace/bespin/target/x86_64-bespin-none/release/build/rkapps-05fc8114dc22c83e/out/pkgs/include conftest.c
configure:4066: $? = 0
configure:4080: x86_64-rumprun-netbsd-gcc -fopenmp -E  -I/home/gz/workspace/bespin/target/x86_64-bespin-none/release/build/rkapps-05fc8114dc22c83e/out/pkgs/include conftest.c
conftest.c:11:10: fatal error: ac_nonexistent.h: No such file or directory
 #include <ac_nonexistent.h>
          ^~~~~~~~~~~~~~~~~~
compilation terminated.
configure:4080: $? = 1
configure: failed program was:
| /* confdefs.h */
| #define PACKAGE_NAME "memcached"
| #define PACKAGE_TARNAME "memcached"
| #define PACKAGE_VERSION "1.4.33"
| #define PACKAGE_STRING "memcached 1.4.33"
| #define PACKAGE_BUGREPORT "memcached@googlegroups.com"
| #define PACKAGE_URL ""
| #define PACKAGE "memcached"
| #define VERSION "1.4.33"
| /* end confdefs.h.  */
| #include <ac_nonexistent.h>
configure:4105: result: x86_64-rumprun-netbsd-gcc -fopenmp -E
configure:4125: x86_64-rumprun-netbsd-gcc -fopenmp -E  -I/home/gz/workspace/bespin/target/x86_64-bespin-none/release/build/rkapps-05fc8114dc22c83e/out/pkgs/include conftest.c
configure:4125: $? = 0
configure:4139: x86_64-rumprun-netbsd-gcc -fopenmp -E  -I/home/gz/workspace/bespin/target/x86_64-bespin-none/release/build/rkapps-05fc8114dc22c83e/out/pkgs/include conftest.c
conftest.c:11:10: fatal error: ac_nonexistent.h: No such file or directory
 #include <ac_nonexistent.h>
          ^~~~~~~~~~~~~~~~~~
compilation terminated.
configure:4139: $? = 1
configure: failed program was:
| /* confdefs.h */
| #define PACKAGE_NAME "memcached"
| #define PACKAGE_TARNAME "memcached"
| #define PACKAGE_VERSION "1.4.33"
| #define PACKAGE_STRING "memcached 1.4.33"
| #define PACKAGE_BUGREPORT "memcached@googlegroups.com"
| #define PACKAGE_URL ""
| #define PACKAGE "memcached"
| #define VERSION "1.4.33"
| /* end confdefs.h.  */
| #include <ac_nonexistent.h>
configure:4168: checking for grep that handles long lines and -e
configure:4226: result: /bin/grep
configure:4231: checking for egrep
configure:4293: result: /bin/grep -E
configure:4300: checking for icc in use
configure:4309: result: no
configure:4329: checking for clang in use
configure:4346: x86_64-rumprun-netbsd-gcc -fopenmp -c -g -O2  -I/home/gz/workspace/bespin/target/x86_64-bespin-none/release/build/rkapps-05fc8114dc22c83e/out/pkgs/include conftest.c >&5
conftest.c: In function 'main':
conftest.c:17:12: error: unknown type name 'not'
            not clang
            ^~~
configure:4346: $? = 1
configure: failed program was:
| /* confdefs.h */
| #define PACKAGE_NAME "memcached"
| #define PACKAGE_TARNAME "memcached"
| #define PACKAGE_VERSION "1.4.33"
| #define PACKAGE_STRING "memcached 1.4.33"
| #define PACKAGE_BUGREPORT "memcached@googlegroups.com"
| #define PACKAGE_URL ""
| #define PACKAGE "memcached"
| #define VERSION "1.4.33"
| /* end confdefs.h.  */
| 
| int
| main ()
| {
| 
|     #ifndef __clang__
|            not clang
|     #endif
| 
|   ;
|   return 0;
| }
configure:4352: result: no
configure:4361: checking for ANSI C header files
configure:4381: x86_64-rumprun-netbsd-gcc -fopenmp -c -g -O2  -I/home/gz/workspace/bespin/target/x86_64-bespin-none/release/build/rkapps-05fc8114dc22c83e/out/pkgs/include conftest.c >&5
configure:4381: $? = 0
configure:4465: result: yes
configure:4478: checking for sys/types.h
configure:4478: x86_64-rumprun-netbsd-gcc -fopenmp -c -g -O2  -I/home/gz/workspace/bespin/target/x86_64-bespin-none/release/build/rkapps-05fc8114dc22c83e/out/pkgs/include conftest.c >&5
configure:4478: $? = 0
configure:4478: result: yes
configure:4478: checking for sys/stat.h
configure:4478: x86_64-rumprun-netbsd-gcc -fopenmp -c -g -O2  -I/home/gz/workspace/bespin/target/x86_64-bespin-none/release/build/rkapps-05fc8114dc22c83e/out/pkgs/include conftest.c >&5
configure:4478: $? = 0
configure:4478: result: yes
configure:4478: checking for stdlib.h
configure:4478: x86_64-rumprun-netbsd-gcc -fopenmp -c -g -O2  -I/home/gz/workspace/bespin/target/x86_64-bespin-none/release/build/rkapps-05fc8114dc22c83e/out/pkgs/include conftest.c >&5
configure:4478: $? = 0
configure:4478: result: yes
configure:4478: checking for string.h
configure:4478: x86_64-rumprun-netbsd-gcc -fopenmp -c -g -O2  -I/home/gz/workspace/bespin/target/x86_64-bespin-none/release/build/rkapps-05fc8114dc22c83e/out/pkgs/include conftest.c >&5
configure:4478: $? = 0
configure:4478: result: yes
configure:4478: checking for memory.h
configure:4478: x86_64-rumprun-netbsd-gcc -fopenmp -c -g -O2  -I/home/gz/workspace/bespin/target/x86_64-bespin-none/release/build/rkapps-05fc8114dc22c83e/out/pkgs/include conftest.c >&5
configure:4478: $? = 0
configure:4478: result: yes
configure:4478: checking for strings.h
configure:4478: x86_64-rumprun-netbsd-gcc -fopenmp -c -g -O2  -I/home/gz/workspace/bespin/target/x86_64-bespin-none/release/build/rkapps-05fc8114dc22c83e/out/pkgs/include conftest.c >&5
configure:4478: $? = 0
configure:4478: result: yes
configure:4478: checking for inttypes.h
configure:4478: x86_64-rumprun-netbsd-gcc -fopenmp -c -g -O2  -I/home/gz/workspace/bespin/target/x86_64-bespin-none/release/build/rkapps-05fc8114dc22c83e/out/pkgs/include conftest.c >&5
configure:4478: $? = 0
configure:4478: result: yes
configure:4478: checking for stdint.h
configure:4478: x86_64-rumprun-netbsd-gcc -fopenmp -c -g -O2  -I/home/gz/workspace/bespin/target/x86_64-bespin-none/release/build/rkapps-05fc8114dc22c83e/out/pkgs/include conftest.c >&5
configure:4478: $? = 0
configure:4478: result: yes
configure:4478: checking for unistd.h
configure:4478: x86_64-rumprun-netbsd-gcc -fopenmp -c -g -O2  -I/home/gz/workspace/bespin/target/x86_64-bespin-none/release/build/rkapps-05fc8114dc22c83e/out/pkgs/include conftest.c >&5
configure:4478: $? = 0
configure:4478: result: yes
configure:4491: checking whether __SUNPRO_C is declared
configure:4491: x86_64-rumprun-netbsd-gcc -fopenmp -c -g -O2  -I/home/gz/workspace/bespin/target/x86_64-bespin-none/release/build/rkapps-05fc8114dc22c83e/out/pkgs/include conftest.c >&5
conftest.c: In function 'main':
conftest.c:61:10: error: '__SUNPRO_C' undeclared (first use in this function)
   (void) __SUNPRO_C;
          ^~~~~~~~~~
conftest.c:61:10: note: each undeclared identifier is reported only once for each function it appears in
configure:4491: $? = 1
configure: failed program was:
| /* confdefs.h */
| #define PACKAGE_NAME "memcached"
| #define PACKAGE_TARNAME "memcached"
| #define PACKAGE_VERSION "1.4.33"
| #define PACKAGE_STRING "memcached 1.4.33"
| #define PACKAGE_BUGREPORT "memcached@googlegroups.com"
| #define PACKAGE_URL ""
| #define PACKAGE "memcached"
| #define VERSION "1.4.33"
| #define STDC_HEADERS 1
| #define HAVE_SYS_TYPES_H 1
| #define HAVE_SYS_STAT_H 1
| #define HAVE_STDLIB_H 1
| #define HAVE_STRING_H 1
| #define HAVE_MEMORY_H 1
| #define HAVE_STRINGS_H 1
| #define HAVE_INTTYPES_H 1
| #define HAVE_STDINT_H 1
| #define HAVE_UNISTD_H 1
| /* end confdefs.h.  */
| #include <stdio.h>
| #ifdef HAVE_SYS_TYPES_H
| # include <sys/types.h>
| #endif
| #ifdef HAVE_SYS_STAT_H
| # include <sys/stat.h>
| #endif
| #ifdef STDC_HEADERS
| # include <stdlib.h>
| # include <stddef.h>
| #else
| # ifdef HAVE_STDLIB_H
| #  include <stdlib.h>
| # endif
| #endif
| #ifdef HAVE_STRING_H
| # if !defined STDC_HEADERS && defined HAVE_MEMORY_H
| #  include <memory.h>
| # endif
| # include <string.h>
| #endif
| #ifdef HAVE_STRINGS_H
| # include <strings.h>
| #endif
| #ifdef HAVE_INTTYPES_H
| # include <inttypes.h>
| #endif
| #ifdef HAVE_STDINT_H
| # include <stdint.h>
| #endif
| #ifdef HAVE_UNISTD_H
| # include <unistd.h>
| #endif
| int
| main ()
| {
| #ifndef __SUNPRO_C
| #ifdef __cplusplus
|   (void) __SUNPRO_C;
| #else
|   (void) __SUNPRO_C;
| #endif
| #endif
| 
|   ;
|   return 0;
| }
configure:4491: result: no
configure:4512: checking for x86_64-rumprun-netbsd-gcc -fopenmp option to accept ISO C99
configure:4661: x86_64-rumprun-netbsd-gcc -fopenmp  -c -g -O2 -pthread  -I/home/gz/workspace/bespin/target/x86_64-bespin-none/release/build/rkapps-05fc8114dc22c83e/out/pkgs/include conftest.c >&5
configure:4661: $? = 0
configure:4674: result: none needed
configure:4715: checking sasl/sasl.h usability
configure:4715: x86_64-rumprun-netbsd-gcc -fopenmp -c -g -O2 -pthread  -I/home/gz/workspace/bespin/target/x86_64-bespin-none/release/build/rkapps-05fc8114dc22c83e/out/pkgs/include conftest.c >&5
conftest.c:54:10: fatal error: sasl/sasl.h: No such file or directory
 #include <sasl/sasl.h>
          ^~~~~~~~~~~~~
compilation terminated.
configure:4715: $? = 1
configure: failed program was:
| /* confdefs.h */
| #define PACKAGE_NAME "memcached"
| #define PACKAGE_TARNAME "memcached"
| #define PACKAGE_VERSION "1.4.33"
| #define PACKAGE_STRING "memcached 1.4.33"
| #define PACKAGE_BUGREPORT "memcached@googlegroups.com"
| #define PACKAGE_URL ""
| #define PACKAGE "memcached"
| #define VERSION "1.4.33"
| #define STDC_HEADERS 1
| #define HAVE_SYS_TYPES_H 1
| #define HAVE_SYS_STAT_H 1
| #define HAVE_STDLIB_H 1
| #define HAVE_STRING_H 1
| #define HAVE_MEMORY_H 1
| #define HAVE_STRINGS_H 1
| #define HAVE_INTTYPES_H 1
| #define HAVE_STDINT_H 1
| #define HAVE_UNISTD_H 1
| /* end confdefs.h.  */
| #include <stdio.h>
| #ifdef HAVE_SYS_TYPES_H
| # include <sys/types.h>
| #endif
| #ifdef HAVE_SYS_STAT_H
| # include <sys/stat.h>
| #endif
| #ifdef STDC_HEADERS
| # include <stdlib.h>
| # include <stddef.h>
| #else
| # ifdef HAVE_STDLIB_H
| #  include <stdlib.h>
| # endif
| #endif
| #ifdef HAVE_STRING_H
| # if !defined STDC_HEADERS && defined HAVE_MEMORY_H
| #  include <memory.h>
| # endif
| # include <string.h>
| #endif
| #ifdef HAVE_STRINGS_H
| # include <strings.h>
| #endif
| #ifdef HAVE_INTTYPES_H
| # include <inttypes.h>
| #endif
| #ifdef HAVE_STDINT_H
| # include <stdint.h>
| #endif
| #ifdef HAVE_UNISTD_H
| # include <unistd.h>
| #endif
| #include <sasl/sasl.h>
configure:4715: result: no
configure:4715: checking sasl/sasl.h presence
configure:4715: x86_64-rumprun-netbsd-gcc -fopenmp -E  -I/home/gz/workspace/bespin/target/x86_64-bespin-none/release/build/rkapps-05fc8114dc22c83e/out/pkgs/include conftest.c
conftest.c:21:10: fatal error: sasl/sasl.h: No such file or directory
 #include <sasl/sasl.h>
          ^~~~~~~~~~~~~
compilation terminated.
configure:4715: $? = 1
configure: failed program was:
| /* confdefs.h */
| #define PACKAGE_NAME "memcached"
| #define PACKAGE_TARNAME "memcached"
| #define PACKAGE_VERSION "1.4.33"
| #define PACKAGE_STRING "memcached 1.4.33"
| #define PACKAGE_BUGREPORT "memcached@googlegroups.com"
| #define PACKAGE_URL ""
| #define PACKAGE "memcached"
| #define VERSION "1.4.33"
| #define STDC_HEADERS 1
| #define HAVE_SYS_TYPES_H 1
| #define HAVE_SYS_STAT_H 1
| #define HAVE_STDLIB_H 1
| #define HAVE_STRING_H 1
| #define HAVE_MEMORY_H 1
| #define HAVE_STRINGS_H 1
| #define HAVE_INTTYPES_H 1
| #define HAVE_STDINT_H 1
| #define HAVE_UNISTD_H 1
| /* end confdefs.h.  */
| #include <sasl/sasl.h>
configure:4715: result: no
configure:4715: checking for sasl/sasl.h
configure:4715: result: no
configure:4945: checking for gcov
configure:4963: found /usr/bin/gcov
configure:4976: result: /usr/bin/gcov
configure:4986: checking for main in -lgcov
configure:5005: x86_64-rumprun-netbsd-gcc -fopenmp -o conftest -g -O2 -pthread -pthread  -I/home/gz/workspace/bespin/target/x86_64-bespin-none/release/build/rkapps-05fc8114dc22c83e/out/pkgs/include  -L/home/gz/workspace/bespin/target/x86_64-bespin-none/release/build/rkapps-05fc8114dc22c83e/out/pkgs/lib conftest.c -lgcov  -lc -lgomp >&5
/usr/bin/ld: cannot find -lgcov
collect2: error: ld returned 1 exit status
configure:5005: $? = 1
configure: failed program was:
| /* confdefs.h */
| #define PACKAGE_NAME "memcached"
| #define PACKAGE_TARNAME "memcached"
| #define PACKAGE_VERSION "1.4.33"
| #define PACKAGE_STRING "memcached 1.4.33"
| #define PACKAGE_BUGREPORT "memcached@googlegroups.com"
| #define PACKAGE_URL ""
| #define PACKAGE "memcached"
| #define VERSION "1.4.33"
| #define STDC_HEADERS 1
| #define HAVE_SYS_TYPES_H 1
| #define HAVE_SYS_STAT_H 1
| #define HAVE_STDLIB_H 1
| #define HAVE_STRING_H 1
| #define HAVE_MEMORY_H 1
| #define HAVE_STRINGS_H 1
| #define HAVE_INTTYPES_H 1
| #define HAVE_STDINT_H 1
| #define HAVE_UNISTD_H 1
| /* end confdefs.h.  */
| 
| 
| int
| main ()
| {
| return main ();
|   ;
|   return 0;
| }
configure:5014: result: no
configure:5165: checking for library containing clock_gettime
configure:5196: x86_64-rumprun-netbsd-gcc -fopenmp -o conftest -g -O2 -pthread -pthread  -I/home/gz/workspace/bespin/target/x86_64-bespin-none/release/build/rkapps-05fc8114dc22c83e/out/pkgs/include  -L/home/gz/workspace/bespin/target/x86_64-bespin-none/release/build/rkapps-05fc8114dc22c83e/out/pkgs/lib conftest.c -lc -lgomp >&5
/tmp/cc5ujwuQ.o: In function `main':
/home/gz/workspace/bespin/target/x86_64-bespin-none/release/build/rkapps-05fc8114dc22c83e/out/retocached/build/conftest.c:32: warning: warning: reference to compatibility clock_gettime(); include <time.h> to generate correct reference
configure:5196: $? = 0
configure:5213: result: none required
configure:5223: checking for library containing socket
configure:5254: x86_64-rumprun-netbsd-gcc -fopenmp -o conftest -g -O2 -pthread -pthread  -I/home/gz/workspace/bespin/target/x86_64-bespin-none/release/build/rkapps-05fc8114dc22c83e/out/pkgs/include  -L/home/gz/workspace/bespin/target/x86_64-bespin-none/release/build/rkapps-05fc8114dc22c83e/out/pkgs/lib conftest.c -lc -lgomp >&5
/tmp/ccRriyWW.o: In function `main':
/home/gz/workspace/bespin/target/x86_64-bespin-none/release/build/rkapps-05fc8114dc22c83e/out/retocached/build/conftest.c:32: warning: warning: reference to compatibility socket(); include <sys/socket.h> for correct reference
configure:5254: $? = 0
configure:5271: result: none required
configure:5279: checking for library containing gethostbyname
configure:5310: x86_64-rumprun-netbsd-gcc -fopenmp -o conftest -g -O2 -pthread -pthread  -I/home/gz/workspace/bespin/target/x86_64-bespin-none/release/build/rkapps-05fc8114dc22c83e/out/pkgs/include  -L/home/gz/workspace/bespin/target/x86_64-bespin-none/release/build/rkapps-05fc8114dc22c83e/out/pkgs/lib conftest.c -lc -lgomp >&5
configure:5310: $? = 0
configure:5327: result: none required
configure:5352: checking for libevent directory
configure:5396: x86_64-rumprun-netbsd-gcc -fopenmp -o conftest -g -O2 -pthread -pthread  -I/home/gz/workspace/bespin/target/x86_64-bespin-none/release/build/rkapps-05fc8114dc22c83e/out/pkgs/include  -L/home/gz/workspace/bespin/target/x86_64-bespin-none/release/build/rkapps-05fc8114dc22c83e/out/pkgs/lib conftest.c -levent -lc -lgomp >&5
configure:5396: $? = 0
configure:5432: result: (system)
configure:5451: checking for library containing umem_cache_create
configure:5482: x86_64-rumprun-netbsd-gcc -fopenmp -o conftest -g -O2 -pthread -pthread  -I/home/gz/workspace/bespin/target/x86_64-bespin-none/release/build/rkapps-05fc8114dc22c83e/out/pkgs/include  -L/home/gz/workspace/bespin/target/x86_64-bespin-none/release/build/rkapps-05fc8114dc22c83e/out/pkgs/lib conftest.c -levent -lc -lgomp >&5
conftest: In function `main':
/home/gz/workspace/bespin/target/x86_64-bespin-none/release/build/rkapps-05fc8114dc22c83e/out/retocached/build/conftest.c:32: undefined reference to `umem_cache_create'
collect2: error: ld returned 1 exit status
configure:5482: $? = 1
configure: failed program was:
| /* confdefs.h */
| #define PACKAGE_NAME "memcached"
| #define PACKAGE_TARNAME "memcached"
| #define PACKAGE_VERSION "1.4.33"
| #define PACKAGE_STRING "memcached 1.4.33"
| #define PACKAGE_BUGREPORT "memcached@googlegroups.com"
| #define PACKAGE_URL ""
| #define PACKAGE "memcached"
| #define VERSION "1.4.33"
| #define STDC_HEADERS 1
| #define HAVE_SYS_TYPES_H 1
| #define HAVE_SYS_STAT_H 1
| #define HAVE_STDLIB_H 1
| #define HAVE_STRING_H 1
| #define HAVE_MEMORY_H 1
| #define HAVE_STRINGS_H 1
| #define HAVE_INTTYPES_H 1
| #define HAVE_STDINT_H 1
| #define HAVE_UNISTD_H 1
| /* end confdefs.h.  */
| 
| /* Override any GCC internal prototype to avoid an error.
|    Use char because int might match the return type of a GCC
|    builtin and then its argument prototype would still apply.  */
| #ifdef __cplusplus
| extern "C"
| #endif
| char umem_cache_create ();
| int
| main ()
| {
| return umem_cache_create ();
|   ;
|   return 0;
| }
configure:5482: x86_64-rumprun-netbsd-gcc -fopenmp -o conftest -g -O2 -pthread -pthread  -I/home/gz/workspace/bespin/target/x86_64-bespin-none/release/build/rkapps-05fc8114dc22c83e/out/pkgs/include  -L/home/gz/workspace/bespin/target/x86_64-bespin-none/release/build/rkapps-05fc8114dc22c83e/out/pkgs/lib conftest.c -lumem  -levent -lc -lgomp >&5
/usr/bin/ld: cannot find -lumem
collect2: error: ld returned 1 exit status
configure:5482: $? = 1
configure: failed program was:
| /* confdefs.h */
| #define PACKAGE_NAME "memcached"
| #define PACKAGE_TARNAME "memcached"
| #define PACKAGE_VERSION "1.4.33"
| #define PACKAGE_STRING "memcached 1.4.33"
| #define PACKAGE_BUGREPORT "memcached@googlegroups.com"
| #define PACKAGE_URL ""
| #define PACKAGE "memcached"
| #define VERSION "1.4.33"
| #define STDC_HEADERS 1
| #define HAVE_SYS_TYPES_H 1
| #define HAVE_SYS_STAT_H 1
| #define HAVE_STDLIB_H 1
| #define HAVE_STRING_H 1
| #define HAVE_MEMORY_H 1
| #define HAVE_STRINGS_H 1
| #define HAVE_INTTYPES_H 1
| #define HAVE_STDINT_H 1
| #define HAVE_UNISTD_H 1
| /* end confdefs.h.  */
| 
| /* Override any GCC internal prototype to avoid an error.
|    Use char because int might match the return type of a GCC
|    builtin and then its argument prototype would still apply.  */
| #ifdef __cplusplus
| extern "C"
| #endif
| char umem_cache_create ();
| int
| main ()
| {
| return umem_cache_create ();
|   ;
|   return 0;
| }
configure:5499: result: no
configure:5507: checking for library containing gethugepagesizes
configure:5538: x86_64-rumprun-netbsd-gcc -fopenmp -o conftest -g -O2 -pthread -pthread  -I/home/gz/workspace/bespin/target/x86_64-bespin-none/release/build/rkapps-05fc8114dc22c83e/out/pkgs/include  -L/home/gz/workspace/bespin/target/x86_64-bespin-none/release/build/rkapps-05fc8114dc22c83e/out/pkgs/lib conftest.c -levent -lc -lgomp >&5
conftest: In function `main':
/home/gz/workspace/bespin/target/x86_64-bespin-none/release/build/rkapps-05fc8114dc22c83e/out/retocached/build/conftest.c:32: undefined reference to `gethugepagesizes'
collect2: error: ld returned 1 exit status
configure:5538: $? = 1
configure: failed program was:
| /* confdefs.h */
| #define PACKAGE_NAME "memcached"
| #define PACKAGE_TARNAME "memcached"
| #define PACKAGE_VERSION "1.4.33"
| #define PACKAGE_STRING "memcached 1.4.33"
| #define PACKAGE_BUGREPORT "memcached@googlegroups.com"
| #define PACKAGE_URL ""
| #define PACKAGE "memcached"
| #define VERSION "1.4.33"
| #define STDC_HEADERS 1
| #define HAVE_SYS_TYPES_H 1
| #define HAVE_SYS_STAT_H 1
| #define HAVE_STDLIB_H 1
| #define HAVE_STRING_H 1
| #define HAVE_MEMORY_H 1
| #define HAVE_STRINGS_H 1
| #define HAVE_INTTYPES_H 1
| #define HAVE_STDINT_H 1
| #define HAVE_UNISTD_H 1
| /* end confdefs.h.  */
| 
| /* Override any GCC internal prototype to avoid an error.
|    Use char because int might match the return type of a GCC
|    builtin and then its argument prototype would still apply.  */
| #ifdef __cplusplus
| extern "C"
| #endif
| char gethugepagesizes ();
| int
| main ()
| {
| return gethugepagesizes ();
|   ;
|   return 0;
| }
configure:5538: x86_64-rumprun-netbsd-gcc -fopenmp -o conftest -g -O2 -pthread -pthread  -I/home/gz/workspace/bespin/target/x86_64-bespin-none/release/build/rkapps-05fc8114dc22c83e/out/pkgs/include  -L/home/gz/workspace/bespin/target/x86_64-bespin-none/release/build/rkapps-05fc8114dc22c83e/out/pkgs/lib conftest.c -lhugetlbfs  -levent -lc -lgomp >&5
/usr/bin/ld: cannot find -lhugetlbfs
collect2: error: ld returned 1 exit status
configure:5538: $? = 1
configure: failed program was:
| /* confdefs.h */
| #define PACKAGE_NAME "memcached"
| #define PACKAGE_TARNAME "memcached"
| #define PACKAGE_VERSION "1.4.33"
| #define PACKAGE_STRING "memcached 1.4.33"
| #define PACKAGE_BUGREPORT "memcached@googlegroups.com"
| #define PACKAGE_URL ""
| #define PACKAGE "memcached"
| #define VERSION "1.4.33"
| #define STDC_HEADERS 1
| #define HAVE_SYS_TYPES_H 1
| #define HAVE_SYS_STAT_H 1
| #define HAVE_STDLIB_H 1
| #define HAVE_STRING_H 1
| #define HAVE_MEMORY_H 1
| #define HAVE_STRINGS_H 1
| #define HAVE_INTTYPES_H 1
| #define HAVE_STDINT_H 1
| #define HAVE_UNISTD_H 1
| /* end confdefs.h.  */
| 
| /* Override any GCC internal prototype to avoid an error.
|    Use char because int might match the return type of a GCC
|    builtin and then its argument prototype would still apply.  */
| #ifdef __cplusplus
| extern "C"
| #endif
| char gethugepagesizes ();
| int
| main ()
| {
| return gethugepagesizes ();
|   ;
|   return 0;
| }
configure:5555: result: no
configure:5564: checking for stdbool.h that conforms to C99
configure:5631: x86_64-rumprun-netbsd-gcc -fopenmp -c -g -O2 -pthread -pthread  -I/home/gz/workspace/bespin/target/x86_64-bespin-none/release/build/rkapps-05fc8114dc22c83e/out/pkgs/include conftest.c >&5
configure:5631: $? = 0
configure:5638: result: yes
configure:5640: checking for _Bool
configure:5640: x86_64-rumprun-netbsd-gcc -fopenmp -c -g -O2 -pthread -pthread  -I/home/gz/workspace/bespin/target/x86_64-bespin-none/release/build/rkapps-05fc8114dc22c83e/out/pkgs/include conftest.c >&5
configure:5640: $? = 0
configure:5640: x86_64-rumprun-netbsd-gcc -fopenmp -c -g -O2 -pthread -pthread  -I/home/gz/workspace/bespin/target/x86_64-bespin-none/release/build/rkapps-05fc8114dc22c83e/out/pkgs/include conftest.c >&5
conftest.c: In function 'main':
conftest.c:57:20: error: expected expression before ')' token
 if (sizeof ((_Bool)))
                    ^
configure:5640: $? = 1
configure: failed program was:
| /* confdefs.h */
| #define PACKAGE_NAME "memcached"
| #define PACKAGE_TARNAME "memcached"
| #define PACKAGE_VERSION "1.4.33"
| #define PACKAGE_STRING "memcached 1.4.33"
| #define PACKAGE_BUGREPORT "memcached@googlegroups.com"
| #define PACKAGE_URL ""
| #define PACKAGE "memcached"
| #define VERSION "1.4.33"
| #define STDC_HEADERS 1
| #define HAVE_SYS_TYPES_H 1
| #define HAVE_SYS_STAT_H 1
| #define HAVE_STDLIB_H 1
| #define HAVE_STRING_H 1
| #define HAVE_MEMORY_H 1
| #define HAVE_STRINGS_H 1
| #define HAVE_INTTYPES_H 1
| #define HAVE_STDINT_H 1
| #define HAVE_UNISTD_H 1
| /* end confdefs.h.  */
| #include <stdio.h>
| #ifdef HAVE_SYS_TYPES_H
| # include <sys/types.h>
| #endif
| #ifdef HAVE_SYS_STAT_H
| # include <sys/stat.h>
| #endif
| #ifdef STDC_HEADERS
| # include <stdlib.h>
| # include <stddef.h>
| #else
| # ifdef HAVE_STDLIB_H
| #  include <stdlib.h>
| # endif
| #endif
| #ifdef HAVE_STRING_H
| # if !defined STDC_HEADERS && defined HAVE_MEMORY_H
| #  include <memory.h>
| # endif
| # include <string.h>
| #endif
| #ifdef HAVE_STRINGS_H
| # include <strings.h>
| #endif
| #ifdef HAVE_INTTYPES_H
| # include <inttypes.h>
| #endif
| #ifdef HAVE_STDINT_H
| # include <stdint.h>
| #endif
| #ifdef HAVE_UNISTD_H
| # include <unistd.h>
| #endif
| int
| main ()
| {
| if (sizeof ((_Bool)))
| 	    return 0;
|   ;
|   return 0;
| }
configure:5640: result: yes
configure:5661: checking for inttypes.h
configure:5661: result: yes
configure:5676: checking for sasl_callback_ft
configure:5700: x86_64-rumprun-netbsd-gcc -fopenmp -c -g -O2 -pthread -pthread  -I/home/gz/workspace/bespin/target/x86_64-bespin-none/release/build/rkapps-05fc8114dc22c83e/out/pkgs/include conftest.c >&5
conftest.c: In function 'main':
conftest.c:34:5: error: unknown type name 'sasl_callback_ft'
     sasl_callback_ft a_callback;
     ^~~~~~~~~~~~~~~~
configure:5700: $? = 1
configure: failed program was:
| /* confdefs.h */
| #define PACKAGE_NAME "memcached"
| #define PACKAGE_TARNAME "memcached"
| #define PACKAGE_VERSION "1.4.33"
| #define PACKAGE_STRING "memcached 1.4.33"
| #define PACKAGE_BUGREPORT "memcached@googlegroups.com"
| #define PACKAGE_URL ""
| #define PACKAGE "memcached"
| #define VERSION "1.4.33"
| #define STDC_HEADERS 1
| #define HAVE_SYS_TYPES_H 1
| #define HAVE_SYS_STAT_H 1
| #define HAVE_STDLIB_H 1
| #define HAVE_STRING_H 1
| #define HAVE_MEMORY_H 1
| #define HAVE_STRINGS_H 1
| #define HAVE_INTTYPES_H 1
| #define HAVE_STDINT_H 1
| #define HAVE_UNISTD_H 1
| #define HAVE__BOOL 1
| #define HAVE_STDBOOL_H 1
| #define HAVE_INTTYPES_H 1
| /* end confdefs.h.  */
| 
|     #ifdef HAVE_SASL_SASL_H
|     #include <sasl/sasl.h>
|     #include <sasl/saslplug.h>
|     #endif
| 
| int
| main ()
| {
| 
|     sasl_callback_ft a_callback;
| 
|   ;
|   return 0;
| }
configure:5712: result: no
configure:5724: checking for print macros for integers (C99 section 7.8.1)
configure:5748: x86_64-rumprun-netbsd-gcc -fopenmp -c -g -O2 -pthread -pthread  -I/home/gz/workspace/bespin/target/x86_64-bespin-none/release/build/rkapps-05fc8114dc22c83e/out/pkgs/include conftest.c >&5
configure:5748: $? = 0
configure:5756: result: yes
configure:5772: checking for an ANSI C-conforming const
configure:5838: x86_64-rumprun-netbsd-gcc -fopenmp -c -g -O2 -pthread -pthread  -I/home/gz/workspace/bespin/target/x86_64-bespin-none/release/build/rkapps-05fc8114dc22c83e/out/pkgs/include conftest.c >&5
configure:5838: $? = 0
configure:5845: result: yes
configure:5856: checking for socklen_t
configure:5878: x86_64-rumprun-netbsd-gcc -fopenmp -c -g -O2 -pthread -pthread  -I/home/gz/workspace/bespin/target/x86_64-bespin-none/release/build/rkapps-05fc8114dc22c83e/out/pkgs/include conftest.c >&5
configure:5878: $? = 0
configure:5890: result: yes
configure:5901: checking for endianness
configure:5908: checking with GNU flags
configure:5953: result: little
configure:5970: checking for htonll
configure:5992: x86_64-rumprun-netbsd-gcc -fopenmp -o conftest -g -O2 -pthread -pthread  -I/home/gz/workspace/bespin/target/x86_64-bespin-none/release/build/rkapps-05fc8114dc22c83e/out/pkgs/include  -L/home/gz/workspace/bespin/target/x86_64-bespin-none/release/build/rkapps-05fc8114dc22c83e/out/pkgs/lib conftest.c -levent -lc -lgomp >&5
conftest: In function `main':
/home/gz/workspace/bespin/target/x86_64-bespin-none/release/build/rkapps-05fc8114dc22c83e/out/retocached/build/conftest.c:36: undefined reference to `htonll'
collect2: error: ld returned 1 exit status
configure:5992: $? = 1
configure: failed program was:
| /* confdefs.h */
| #define PACKAGE_NAME "memcached"
| #define PACKAGE_TARNAME "memcached"
| #define PACKAGE_VERSION "1.4.33"
| #define PACKAGE_STRING "memcached 1.4.33"
| #define PACKAGE_BUGREPORT "memcached@googlegroups.com"
| #define PACKAGE_URL ""
| #define PACKAGE "memcached"
| #define VERSION "1.4.33"
| #define STDC_HEADERS 1
| #define HAVE_SYS_TYPES_H 1
| #define HAVE_SYS_STAT_H 1
| #define HAVE_STDLIB_H 1
| #define HAVE_STRING_H 1
| #define HAVE_MEMORY_H 1
| #define HAVE_STRINGS_H 1
| #define HAVE_INTTYPES_H 1
| #define HAVE_STDINT_H 1
| #define HAVE_UNISTD_H 1
| #define HAVE__BOOL 1
| #define HAVE_STDBOOL_H 1
| #define HAVE_INTTYPES_H 1
| #define ENDIAN_LITTLE 1
| /* end confdefs.h.  */
| 
| #include <sys/types.h>
| #include <netinet/in.h>
| #ifdef HAVE_INTTYPES_H
| #include <inttypes.h> */
| #endif
| 
| int
| main ()
| {
| 
|           return htonll(0);
| 
|   ;
|   return 0;
| }
configure:6007: result: no
configure:6011: checking for library containing pthread_create
configure:6042: x86_64-rumprun-netbsd-gcc -fopenmp -o conftest -g -O2 -pthread -pthread  -I/home/gz/workspace/bespin/target/x86_64-bespin-none/release/build/rkapps-05fc8114dc22c83e/out/pkgs/include  -L/home/gz/workspace/bespin/target/x86_64-bespin-none/release/build/rkapps-05fc8114dc22c83e/out/pkgs/lib conftest.c -levent -lc -lgomp >&5
configure:6042: $? = 0
configure:6059: result: none required
configure:6073: checking for mlockall
configure:6073: x86_64-rumprun-netbsd-gcc -fopenmp -o conftest -g -O2 -pthread -pthread  -I/home/gz/workspace/bespin/target/x86_64-bespin-none/release/build/rkapps-05fc8114dc22c83e/out/pkgs/include  -L/home/gz/workspace/bespin/target/x86_64-bespin-none/release/build/rkapps-05fc8114dc22c83e/out/pkgs/lib conftest.c -levent -lc -lgomp >&5
configure:6073: $? = 0
configure:6073: result: yes
configure:6084: checking for getpagesizes
configure:6084: x86_64-rumprun-netbsd-gcc -fopenmp -o conftest -g -O2 -pthread -pthread  -I/home/gz/workspace/bespin/target/x86_64-bespin-none/release/build/rkapps-05fc8114dc22c83e/out/pkgs/include  -L/home/gz/workspace/bespin/target/x86_64-bespin-none/release/build/rkapps-05fc8114dc22c83e/out/pkgs/lib conftest.c -levent -lc -lgomp >&5
conftest: In function `main':
/home/gz/workspace/bespin/target/x86_64-bespin-none/release/build/rkapps-05fc8114dc22c83e/out/retocached/build/conftest.c:60: undefined reference to `getpagesizes'
collect2: error: ld returned 1 exit status
configure:6084: $? = 1
configure: failed program was:
| /* confdefs.h */
| #define PACKAGE_NAME "memcached"
| #define PACKAGE_TARNAME "memcached"
| #define PACKAGE_VERSION "1.4.33"
| #define PACKAGE_STRING "memcached 1.4.33"
| #define PACKAGE_BUGREPORT "memcached@googlegroups.com"
| #define PACKAGE_URL ""
| #define PACKAGE "memcached"
| #define VERSION "1.4.33"
| #define STDC_HEADERS 1
| #define HAVE_SYS_TYPES_H 1
| #define HAVE_SYS_STAT_H 1
| #define HAVE_STDLIB_H 1
| #define HAVE_STRING_H 1
| #define HAVE_MEMORY_H 1
| #define HAVE_STRINGS_H 1
| #define HAVE_INTTYPES_H 1
| #define HAVE_STDINT_H 1
| #define HAVE_UNISTD_H 1
| #define HAVE__BOOL 1
| #define HAVE_STDBOOL_H 1
| #define HAVE_INTTYPES_H 1
| #define ENDIAN_LITTLE 1
| #define HAVE_MLOCKALL 1
| /* end confdefs.h.  */
| /* Define getpagesizes to an innocuous variant, in case <limits.h> declares getpagesizes.
|    For example, HP-UX 11i <limits.h> declares gettimeofday.  */
| #define getpagesizes innocuous_getpagesizes
| 
| /* System header to define __stub macros and hopefully few prototypes,
|     which can conflict with char getpagesizes (); below.
|     Prefer <limits.h> to <assert.h> if __STDC__ is defined, since
|     <limits.h> exists even on freestanding compilers.  */
| 
| #ifdef __STDC__
| # include <limits.h>
| #else
| # include <assert.h>
| #endif
| 
| #undef getpagesizes
| 
| /* Override any GCC internal prototype to avoid an error.
|    Use char because int might match the return type of a GCC
|    builtin and then its argument prototype would still apply.  */
| #ifdef __cplusplus
| extern "C"
| #endif
| char getpagesizes ();
| /* The GNU C library defines this for functions which it implements
|     to always fail with ENOSYS.  Some functions are actually named
|     something starting with __ and the normal name is an alias.  */
| #if defined __stub_getpagesizes || defined __stub___getpagesizes
| choke me
| #endif
| 
| int
| main ()
| {
| return getpagesizes ();
|   ;
|   return 0;
| }
configure:6084: result: no
configure:6095: checking for memcntl
configure:6095: x86_64-rumprun-netbsd-gcc -fopenmp -o conftest -g -O2 -pthread -pthread  -I/home/gz/workspace/bespin/target/x86_64-bespin-none/release/build/rkapps-05fc8114dc22c83e/out/pkgs/include  -L/home/gz/workspace/bespin/target/x86_64-bespin-none/release/build/rkapps-05fc8114dc22c83e/out/pkgs/lib conftest.c -levent -lc -lgomp >&5
conftest: In function `main':
/home/gz/workspace/bespin/target/x86_64-bespin-none/release/build/rkapps-05fc8114dc22c83e/out/retocached/build/conftest.c:60: undefined reference to `memcntl'
collect2: error: ld returned 1 exit status
configure:6095: $? = 1
configure: failed program was:
| /* confdefs.h */
| #define PACKAGE_NAME "memcached"
| #define PACKAGE_TARNAME "memcached"
| #define PACKAGE_VERSION "1.4.33"
| #define PACKAGE_STRING "memcached 1.4.33"
| #define PACKAGE_BUGREPORT "memcached@googlegroups.com"
| #define PACKAGE_URL ""
| #define PACKAGE "memcached"
| #define VERSION "1.4.33"
| #define STDC_HEADERS 1
| #define HAVE_SYS_TYPES_H 1
| #define HAVE_SYS_STAT_H 1
| #define HAVE_STDLIB_H 1
| #define HAVE_STRING_H 1
| #define HAVE_MEMORY_H 1
| #define HAVE_STRINGS_H 1
| #define HAVE_INTTYPES_H 1
| #define HAVE_STDINT_H 1
| #define HAVE_UNISTD_H 1
| #define HAVE__BOOL 1
| #define HAVE_STDBOOL_H 1
| #define HAVE_INTTYPES_H 1
| #define ENDIAN_LITTLE 1
| #define HAVE_MLOCKALL 1
| /* end confdefs.h.  */
| /* Define memcntl to an innocuous variant, in case <limits.h> declares memcntl.
|    For example, HP-UX 11i <limits.h> declares gettimeofday.  */
| #define memcntl innocuous_memcntl
| 
| /* System header to define __stub macros and hopefully few prototypes,
|     which can conflict with char memcntl (); below.
|     Prefer <limits.h> to <assert.h> if __STDC__ is defined, since
|     <limits.h> exists even on freestanding compilers.  */
| 
| #ifdef __STDC__
| # include <limits.h>
| #else
| # include <assert.h>
| #endif
| 
| #undef memcntl
| 
| /* Override any GCC internal prototype to avoid an error.
|    Use char because int might match the return type of a GCC
|    builtin and then its argument prototype would still apply.  */
| #ifdef __cplusplus
| extern "C"
| #endif
| char memcntl ();
| /* The GNU C library defines this for functions which it implements
|     to always fail with ENOSYS.  Some functions are actually named
|     something starting with __ and the normal name is an alias.  */
| #if defined __stub_memcntl || defined __stub___memcntl
| choke me
| #endif
| 
| int
| main ()
| {
| return memcntl ();
|   ;
|   return 0;
| }
configure:6095: result: no
configure:6106: checking for sigignore
configure:6106: x86_64-rumprun-netbsd-gcc -fopenmp -o conftest -g -O2 -pthread -pthread  -I/home/gz/workspace/bespin/target/x86_64-bespin-none/release/build/rkapps-05fc8114dc22c83e/out/pkgs/include  -L/home/gz/workspace/bespin/target/x86_64-bespin-none/release/build/rkapps-05fc8114dc22c83e/out/pkgs/lib conftest.c -levent -lc -lgomp >&5
configure:6106: $? = 0
configure:6106: result: yes
configure:6117: checking for clock_gettime
configure:6117: x86_64-rumprun-netbsd-gcc -fopenmp -o conftest -g -O2 -pthread -pthread  -I/home/gz/workspace/bespin/target/x86_64-bespin-none/release/build/rkapps-05fc8114dc22c83e/out/pkgs/include  -L/home/gz/workspace/bespin/target/x86_64-bespin-none/release/build/rkapps-05fc8114dc22c83e/out/pkgs/lib conftest.c -levent -lc -lgomp >&5
/tmp/cc96BNrK.o: In function `main':
/home/gz/workspace/bespin/target/x86_64-bespin-none/release/build/rkapps-05fc8114dc22c83e/out/retocached/build/conftest.c:61: warning: warning: reference to compatibility clock_gettime(); include <time.h> to generate correct reference
configure:6117: $? = 0
configure:6117: result: yes
configure:6128: checking for accept4
configure:6128: x86_64-rumprun-netbsd-gcc -fopenmp -o conftest -g -O2 -pthread -pthread  -I/home/gz/workspace/bespin/target/x86_64-bespin-none/release/build/rkapps-05fc8114dc22c83e/out/pkgs/include  -L/home/gz/workspace/bespin/target/x86_64-bespin-none/release/build/rkapps-05fc8114dc22c83e/out/pkgs/lib conftest.c -levent -lc -lgomp >&5
configure:6128: $? = 0
configure:6128: result: yes
configure:6142: checking for alignment
configure:6203: result: need
configure:6213: checking for GCC atomics
configure:6231: x86_64-rumprun-netbsd-gcc -fopenmp -o conftest -g -O2 -pthread -pthread  -I/home/gz/workspace/bespin/target/x86_64-bespin-none/release/build/rkapps-05fc8114dc22c83e/out/pkgs/include  -L/home/gz/workspace/bespin/target/x86_64-bespin-none/release/build/rkapps-05fc8114dc22c83e/out/pkgs/lib conftest.c -levent -lc -lgomp >&5
configure:6231: $? = 0
configure:6239: result: yes
configure:6243: checking for GCC 64bit atomics
configure:6261: x86_64-rumprun-netbsd-gcc -fopenmp -o conftest -g -O2 -pthread -pthread  -I/home/gz/workspace/bespin/target/x86_64-bespin-none/release/build/rkapps-05fc8114dc22c83e/out/pkgs/include  -L/home/gz/workspace/bespin/target/x86_64-bespin-none/release/build/rkapps-05fc8114dc22c83e/out/pkgs/lib conftest.c -levent -lc -lgomp >&5
conftest.c: In function 'main':
conftest.c:37:3: error: unknown type name 'uint64_t'; did you mean '__uint128_t'?
   uint64_t a;
   ^~~~~~~~
   __uint128_t
conftest.c:38:3: error: unknown type name 'uint64_t'; did you mean '__uint128_t'?
   uint64_t b;
   ^~~~~~~~
   __uint128_t
configure:6261: $? = 1
configure: failed program was:
| /* confdefs.h */
| #define PACKAGE_NAME "memcached"
| #define PACKAGE_TARNAME "memcached"
| #define PACKAGE_VERSION "1.4.33"
| #define PACKAGE_STRING "memcached 1.4.33"
| #define PACKAGE_BUGREPORT "memcached@googlegroups.com"
| #define PACKAGE_URL ""
| #define PACKAGE "memcached"
| #define VERSION "1.4.33"
| #define STDC_HEADERS 1
| #define HAVE_SYS_TYPES_H 1
| #define HAVE_SYS_STAT_H 1
| #define HAVE_STDLIB_H 1
| #define HAVE_STRING_H 1
| #define HAVE_MEMORY_H 1
| #define HAVE_STRINGS_H 1
| #define HAVE_INTTYPES_H 1
| #define HAVE_STDINT_H 1
| #define HAVE_UNISTD_H 1
| #define HAVE__BOOL 1
| #define HAVE_STDBOOL_H 1
| #define HAVE_INTTYPES_H 1
| #define ENDIAN_LITTLE 1
| #define HAVE_MLOCKALL 1
| #define HAVE_SIGIGNORE 1
| #define HAVE_CLOCK_GETTIME 1
| #define HAVE_ACCEPT4 1
| #define HAVE_ACCEPT4 1
| #define NEED_ALIGN 1
| #define HAVE_GCC_ATOMICS 1
| /* end confdefs.h.  */
| 
| int
| main ()
| {
| 
|   uint64_t a;
|   uint64_t b;
|   b = __sync_add_and_fetch(&a, 1);
|   b = __sync_sub_and_fetch(&a, 2);
| 
|   ;
|   return 0;
| }
configure:6269: result: no
configure:6274: checking for setppriv
configure:6274: x86_64-rumprun-netbsd-gcc -fopenmp -o conftest -g -O2 -pthread -pthread  -I/home/gz/workspace/bespin/target/x86_64-bespin-none/release/build/rkapps-05fc8114dc22c83e/out/pkgs/include  -L/home/gz/workspace/bespin/target/x86_64-bespin-none/release/build/rkapps-05fc8114dc22c83e/out/pkgs/lib conftest.c -levent -lc -lgomp >&5
conftest: In function `main':
/home/gz/workspace/bespin/target/x86_64-bespin-none/release/build/rkapps-05fc8114dc22c83e/out/retocached/build/conftest.c:66: undefined reference to `setppriv'
collect2: error: ld returned 1 exit status
configure:6274: $? = 1
configure: failed program was:
| /* confdefs.h */
| #define PACKAGE_NAME "memcached"
| #define PACKAGE_TARNAME "memcached"
| #define PACKAGE_VERSION "1.4.33"
| #define PACKAGE_STRING "memcached 1.4.33"
| #define PACKAGE_BUGREPORT "memcached@googlegroups.com"
| #define PACKAGE_URL ""
| #define PACKAGE "memcached"
| #define VERSION "1.4.33"
| #define STDC_HEADERS 1
| #define HAVE_SYS_TYPES_H 1
| #define HAVE_SYS_STAT_H 1
| #define HAVE_STDLIB_H 1
| #define HAVE_STRING_H 1
| #define HAVE_MEMORY_H 1
| #define HAVE_STRINGS_H 1
| #define HAVE_INTTYPES_H 1
| #define HAVE_STDINT_H 1
| #define HAVE_UNISTD_H 1
| #define HAVE__BOOL 1
| #define HAVE_STDBOOL_H 1
| #define HAVE_INTTYPES_H 1
| #define ENDIAN_LITTLE 1
| #define HAVE_MLOCKALL 1
| #define HAVE_SIGIGNORE 1
| #define HAVE_CLOCK_GETTIME 1
| #define HAVE_ACCEPT4 1
| #define HAVE_ACCEPT4 1
| #define NEED_ALIGN 1
| #define HAVE_GCC_ATOMICS 1
| /* end confdefs.h.  */
| /* Define setppriv to an innocuous variant, in case <limits.h> declares setppriv.
|    For example, HP-UX 11i <limits.h> declares gettimeofday.  */
| #define setppriv innocuous_setppriv
| 
| /* System header to define __stub macros and hopefully few prototypes,
|     which can conflict with char setppriv (); below.
|     Prefer <limits.h> to <assert.h> if __STDC__ is defined, since
|     <limits.h> exists even on freestanding compilers.  */
| 
| #ifdef __STDC__
| # include <limits.h>
| #else
| # include <assert.h>
| #endif
| 
| #undef setppriv
| 
| /* Override any GCC internal prototype to avoid an error.
|    Use char because int might match the return type of a GCC
|    builtin and then its argument prototype would still apply.  */
| #ifdef __cplusplus
| extern "C"
| #endif
| char setppriv ();
| /* The GNU C library defines this for functions which it implements
|     to always fail with ENOSYS.  Some functions are actually named
|     something starting with __ and the normal name is an alias.  */
| #if defined __stub_setppriv || defined __stub___setppriv
| choke me
| #endif
| 
| int
| main ()
| {
| return setppriv ();
|   ;
|   return 0;
| }
configure:6274: result: no
configure:6305: checking umem.h usability
configure:6305: x86_64-rumprun-netbsd-gcc -fopenmp -c -g -O2 -pthread -pthread  -I/home/gz/workspace/bespin/target/x86_64-bespin-none/release/build/rkapps-05fc8114dc22c83e/out/pkgs/include conftest.c >&5
conftest.c:65:10: fatal error: umem.h: No such file or directory
 #include <umem.h>
          ^~~~~~~~
compilation terminated.
configure:6305: $? = 1
configure: failed program was:
| /* confdefs.h */
| #define PACKAGE_NAME "memcached"
| #define PACKAGE_TARNAME "memcached"
| #define PACKAGE_VERSION "1.4.33"
| #define PACKAGE_STRING "memcached 1.4.33"
| #define PACKAGE_BUGREPORT "memcached@googlegroups.com"
| #define PACKAGE_URL ""
| #define PACKAGE "memcached"
| #define VERSION "1.4.33"
| #define STDC_HEADERS 1
| #define HAVE_SYS_TYPES_H 1
| #define HAVE_SYS_STAT_H 1
| #define HAVE_STDLIB_H 1
| #define HAVE_STRING_H 1
| #define HAVE_MEMORY_H 1
| #define HAVE_STRINGS_H 1
| #define HAVE_INTTYPES_H 1
| #define HAVE_STDINT_H 1
| #define HAVE_UNISTD_H 1
| #define HAVE__BOOL 1
| #define HAVE_STDBOOL_H 1
| #define HAVE_INTTYPES_H 1
| #define ENDIAN_LITTLE 1
| #define HAVE_MLOCKALL 1
| #define HAVE_SIGIGNORE 1
| #define HAVE_CLOCK_GETTIME 1
| #define HAVE_ACCEPT4 1
| #define HAVE_ACCEPT4 1
| #define NEED_ALIGN 1
| #define HAVE_GCC_ATOMICS 1
| /* end confdefs.h.  */
| #include <stdio.h>
| #ifdef HAVE_SYS_TYPES_H
| # include <sys/types.h>
| #endif
| #ifdef HAVE_SYS_STAT_H
| # include <sys/stat.h>
| #endif
| #ifdef STDC_HEADERS
| # include <stdlib.h>
| # include <stddef.h>
| #else
| # ifdef HAVE_STDLIB_H
| #  include <stdlib.h>
| # endif
| #endif
| #ifdef HAVE_STRING_H
| # if !defined STDC_HEADERS && defined HAVE_MEMORY_H
| #  include <memory.h>
| # endif
| # include <string.h>
| #endif
| #ifdef HAVE_STRINGS_H
| # include <strings.h>
| #endif
| #ifdef HAVE_INTTYPES_H
| # include <inttypes.h>
| #endif
| #ifdef HAVE_STDINT_H
| # include <stdint.h>
| #endif
| #ifdef HAVE_UNISTD_H
| # include <unistd.h>
| #endif
| #include <umem.h>
configure:6305: result: no
configure:6305: checking umem.h presence
configure:6305: x86_64-rumprun-netbsd-gcc -fopenmp -E  -I/home/gz/workspace/bespin/target/x86_64-bespin-none/release/build/rkapps-05fc8114dc22c83e/out/pkgs/include conftest.c
conftest.c:32:10: fatal error: umem.h: No such file or directory
 #include <umem.h>
          ^~~~~~~~
compilation terminated.
configure:6305: $? = 1
configure: failed program was:
| /* confdefs.h */
| #define PACKAGE_NAME "memcached"
| #define PACKAGE_TARNAME "memcached"
| #define PACKAGE_VERSION "1.4.33"
| #define PACKAGE_STRING "memcached 1.4.33"
| #define PACKAGE_BUGREPORT "memcached@googlegroups.com"
| #define PACKAGE_URL ""
| #define PACKAGE "memcached"
| #define VERSION "1.4.33"
| #define STDC_HEADERS 1
| #define HAVE_SYS_TYPES_H 1
| #define HAVE_SYS_STAT_H 1
| #define HAVE_STDLIB_H 1
| #define HAVE_STRING_H 1
| #define HAVE_MEMORY_H 1
| #define HAVE_STRINGS_H 1
| #define HAVE_INTTYPES_H 1
| #define HAVE_STDINT_H 1
| #define HAVE_UNISTD_H 1
| #define HAVE__BOOL 1
| #define HAVE_STDBOOL_H 1
| #define HAVE_INTTYPES_H 1
| #define ENDIAN_LITTLE 1
| #define HAVE_MLOCKALL 1
| #define HAVE_SIGIGNORE 1
| #define HAVE_CLOCK_GETTIME 1
| #define HAVE_ACCEPT4 1
| #define HAVE_ACCEPT4 1
| #define NEED_ALIGN 1
| #define HAVE_GCC_ATOMICS 1
| /* end confdefs.h.  */
| #include <umem.h>
configure:6305: result: no
configure:6305: checking for umem.h
configure:6305: result: no
configure:6336: checking for xml2rfc
configure:6367: result: no
configure:6377: checking for xsltproc
configure:6408: result: no
configure:6560: checking that generated files are newer than configure
configure:6566: result: done
configure:6613: creating ./config.status

## ---------------------- ##
## Running config.status. ##
## ---------------------- ##

This file was extended by memcached config.status 1.4.33, which was
generated by GNU Autoconf 2.69.  Invocation command line was

  CONFIG_FILES    = 
  CONFIG_HEADERS  = 
  CONFIG_LINKS    = 
  CONFIG_COMMANDS = 
  $ ./config.status 

on gz-desktop

config.status:894: creating Makefile
config.status:894: creating doc/Makefile
config.status:894: creating config.h
config.status:1075: config.h is unchanged
config.status:1123: executing depfiles commands

## ---------------- ##
## Cache variables. ##
## ---------------- ##

ac_cv_build=x86_64-pc-linux-gnu
ac_cv_c_alignment=need
ac_cv_c_compiler_gnu=yes
ac_cv_c_const=yes
ac_cv_c_endian=little
ac_cv_c_socklen_t=yes
ac_cv_c_uint64_support=yes
ac_cv_env_CC_set=set
ac_cv_env_CC_value='x86_64-rumprun-netbsd-gcc -fopenmp'
ac_cv_env_CFLAGS_set=
ac_cv_env_CFLAGS_value=
ac_cv_env_CPPFLAGS_set=set
ac_cv_env_CPPFLAGS_value=' -I/home/gz/workspace/bespin/target/x86_64-bespin-none/release/build/rkapps-05fc8114dc22c83e/out/pkgs/include'
ac_cv_env_CPP_set=
ac_cv_env_CPP_value=
ac_cv_env_LDFLAGS_set=set
ac_cv_env_LDFLAGS_value=' -L/home/gz/workspace/bespin/target/x86_64-bespin-none/release/build/rkapps-05fc8114dc22c83e/out/pkgs/lib'
ac_cv_env_LIBS_set=set
ac_cv_env_LIBS_value='-lc -lgomp'
ac_cv_env_build_alias_set=
ac_cv_env_build_alias_value=
ac_cv_env_host_alias_set=set
ac_cv_env_host_alias_value=x86_64-rumprun-netbsd
ac_cv_env_target_alias_set=
ac_cv_env_target_alias_value=
ac_cv_func_accept4=yes
ac_cv_func_clock_gettime=yes
ac_cv_func_getpagesizes=no
ac_cv_func_memcntl=no
ac_cv_func_mlockall=yes
ac_cv_func_setppriv=no
ac_cv_func_sigignore=yes
ac_cv_has_sasl_callback_ft=no
ac_cv_have_decl___SUNPRO_C=no
ac_cv_header_inttypes_h=yes
ac_cv_header_memory_h=yes
ac_cv_header_sasl_sasl_h=no
ac_cv_header_stdbool_h=yes
ac_cv_header_stdc=yes
ac_cv_header_stdint_h=yes
ac_cv_header_stdlib_h=yes
ac_cv_header_string_h=yes
ac_cv_header_strings_h=yes
ac_cv_header_sys_stat_h=yes
ac_cv_header_sys_types_h=yes
ac_cv_header_umem_h=no
ac_cv_header_unistd_h=yes
ac_cv_host=x86_64-rumprun-netbsd
ac_cv_lib_gcov_main=no
ac_cv_libevent_dir='(system)'
ac_cv_objext=o
ac_cv_path_EGREP='/bin/grep -E'
ac_cv_path_GREP=/bin/grep
ac_cv_path_PROFILER=/usr/bin/gcov
ac_cv_path_XML2RFC=no
ac_cv_path_XSLTPROC=no
ac_cv_path_install='/usr/bin/install -c'
ac_cv_path_mkdir=/bin/mkdir
ac_cv_prog_AWK=mawk
ac_cv_prog_CC='x86_64-rumprun-netbsd-gcc -fopenmp'
ac_cv_prog_CPP='x86_64-rumprun-netbsd-gcc -fopenmp -E'
ac_cv_prog_STRIP=x86_64-rumprun-netbsd-strip
ac_cv_prog_cc_c89=
ac_cv_prog_cc_c99=
ac_cv_prog_cc_g=yes
ac_cv_prog_make_make_set=yes
ac_cv_search_clock_gettime='none required'
ac_cv_search_gethostbyname='none required'
ac_cv_search_gethugepagesizes=no
ac_cv_search_pthread_create='none required'
ac_cv_search_socket='none required'
ac_cv_search_umem_cache_create=no
ac_cv_type__Bool=yes
am_cv_CC_dependencies_compiler_type=gcc3
am_cv_make_support_nested_variables=yes
am_cv_prog_cc_c_o=yes

## ----------------- ##
## Output variables. ##
## ----------------- ##

ACLOCAL='${SHELL} /home/gz/workspace/bespin/target/x86_64-bespin-none/release/build/rkapps-05fc8114dc22c83e/out/retocached/build/missing aclocal-1.15'
AMDEPBACKSLASH='\'
AMDEP_FALSE='#'
AMDEP_TRUE=''
AMTAR='$${TAR-tar}'
AM_BACKSLASH='\'
AM_DEFAULT_V='$(AM_DEFAULT_VERBOSITY)'
AM_DEFAULT_VERBOSITY='1'
AM_V='$(V)'
AUTOCONF='${SHELL} /home/gz/workspace/bespin/target/x86_64-bespin-none/release/build/rkapps-05fc8114dc22c83e/out/retocached/build/missing autoconf'
AUTOHEADER='${SHELL} /home/gz/workspace/bespin/target/x86_64-bespin-none/release/build/rkapps-05fc8114dc22c83e/out/retocached/build/missing autoheader'
AUTOMAKE='${SHELL} /home/gz/workspace/bespin/target/x86_64-bespin-none/release/build/rkapps-05fc8114dc22c83e/out/retocached/build/missing automake-1.15'
AWK='mawk'
BUILD_CACHE_FALSE='#'
BUILD_CACHE_TRUE=''
BUILD_DTRACE_FALSE=''
BUILD_DTRACE_TRUE='#'
BUILD_SOLARIS_PRIVS_FALSE=''
BUILD_SOLARIS_PRIVS_TRUE='#'
BUILD_SPECIFICATIONS_FALSE=''
BUILD_SPECIFICATIONS_TRUE='#'
CC='x86_64-rumprun-netbsd-gcc -fopenmp'
CCDEPMODE='depmode=gcc3'
CFLAGS='-g -O2 -pthread -pthread -Wall -Werror -pedantic -Wmissing-prototypes -Wmissing-declarations -Wredundant-decls'
CPP='x86_64-rumprun-netbsd-gcc -fopenmp -E'
CPPFLAGS=' -I/home/gz/workspace/bespin/target/x86_64-bespin-none/release/build/rkapps-05fc8114dc22c83e/out/pkgs/include'
CYGPATH_W='echo'
DEFS='-DHAVE_CONFIG_H'
DEPDIR='.deps'
DTRACE=''
DTRACEFLAGS=''
DTRACE_INSTRUMENT_OBJ_FALSE=''
DTRACE_INSTRUMENT_OBJ_TRUE='#'
ECHO_C=''
ECHO_N='-n'
ECHO_T=''
EGREP='/bin/grep -E'
ENABLE_SASL=''
ENABLE_SASL_FALSE=''
ENABLE_SASL_TRUE='#'
EXEEXT=''
GREP='/bin/grep'
INSTALL_DATA='${INSTALL} -m 644'
INSTALL_PROGRAM='${INSTALL}'
INSTALL_SCRIPT='${INSTALL}'
INSTALL_STRIP_PROGRAM='$(install_sh) -c -s'
LDFLAGS=' -L/home/gz/workspace/bespin/target/x86_64-bespin-none/release/build/rkapps-05fc8114dc22c83e/out/pkgs/lib'
LIBOBJS=''
LIBS='-levent -lc -lgomp'
LTLIBOBJS=''
MAKEINFO='${SHELL} /home/gz/workspace/bespin/target/x86_64-bespin-none/release/build/rkapps-05fc8114dc22c83e/out/retocached/build/missing makeinfo'
MKDIR_P='/bin/mkdir -p'
OBJEXT='o'
PACKAGE='memcached'
PACKAGE_BUGREPORT='memcached@googlegroups.com'
PACKAGE_NAME='memcached'
PACKAGE_STRING='memcached 1.4.33'
PACKAGE_TARNAME='memcached'
PACKAGE_URL=''
PACKAGE_VERSION='1.4.33'
PATH_SEPARATOR=':'
PROFILER='/usr/bin/gcov'
PROFILER_FLAGS=''
PROFILER_LDFLAGS=''
SET_MAKE=''
SHELL='/bin/bash'
STRIP='x86_64-rumprun-netbsd-strip'
VERSION='1.4.33'
XML2RFC='no'
XSLTPROC='no'
ac_ct_CC=''
am__EXEEXT_FALSE=''
am__EXEEXT_TRUE='#'
am__fastdepCC_FALSE='#'
am__fastdepCC_TRUE=''
am__include='include'
am__isrc=''
am__leading_dot='.'
am__nodep='_no'
am__quote=''
am__tar='$${TAR-tar} chof - "$$tardir"'
am__untar='$${TAR-tar} xf -'
bindir='${exec_prefix}/bin'
build='x86_64-pc-linux-gnu'
build_alias=''
build_cpu='x86_64'
build_os='linux-gnu'
build_vendor='pc'
datadir='${datarootdir}'
datarootdir='${prefix}/share'
docdir='${datarootdir}/doc/${PACKAGE_TARNAME}'
dvidir='${docdir}'
exec_prefix='${prefix}'
host='x86_64-rumprun-netbsd'
host_alias='x86_64-rumprun-netbsd'
host_cpu='x86_64'
host_os='netbsd'
host_vendor='rumprun'
htmldir='${docdir}'
includedir='${prefix}/include'
infodir='${datarootdir}/info'
install_sh='${SHELL} /home/gz/workspace/bespin/target/x86_64-bespin-none/release/build/rkapps-05fc8114dc22c83e/out/retocached/build/install-sh'
libdir='${exec_prefix}/lib'
libexecdir='${exec_prefix}/libexec'
localedir='${datarootdir}/locale'
localstatedir='${prefix}/var'
mandir='${datarootdir}/man'
mkdir_p='$(MKDIR_P)'
oldincludedir='/usr/include'
pdfdir='${docdir}'
prefix='/home/gz/workspace/bespin/target/x86_64-bespin-none/release/build/rkapps-05fc8114dc22c83e/out/retocached/build/dist'
program_transform_name='s,x,x,'
psdir='${docdir}'
runstatedir='${localstatedir}/run'
sbindir='${exec_prefix}/sbin'
sharedstatedir='${prefix}/com'
sysconfdir='${prefix}/etc'
target_alias=''

## ----------- ##
## confdefs.h. ##
## ----------- ##

/* confdefs.h */
#define PACKAGE_NAME "memcached"
#define PACKAGE_TARNAME "memcached"
#define PACKAGE_VERSION "1.4.33"
#define PACKAGE_STRING "memcached 1.4.33"
#define PACKAGE_BUGREPORT "memcached@googlegroups.com"
#define PACKAGE_URL ""
#define PACKAGE "memcached"
#define VERSION "1.4.33"
#define STDC_HEADERS 1
#define HAVE_SYS_TYPES_H 1
#define HAVE_SYS_STAT_H 1
#define HAVE_STDLIB_H 1
#define HAVE_STRING_H 1
#define HAVE_MEMORY_H 1
#define HAVE_STRINGS_H 1
#define HAVE_INTTYPES_H 1
#define HAVE_STDINT_H 1
#define HAVE_UNISTD_H 1
#define HAVE__BOOL 1
#define HAVE_STDBOOL_H 1
#define HAVE_INTTYPES_H 1
#define ENDIAN_LITTLE 1
#define HAVE_MLOCKALL 1
#define HAVE_SIGIGNORE 1
#define HAVE_CLOCK_GETTIME 1
#define HAVE_ACCEPT4 1
#define HAVE_ACCEPT4 1
#define NEED_ALIGN 1
#define HAVE_GCC_ATOMICS 1
#define _GNU_SOURCE 1

configure: exit 0
